Flow report for switch-to-sev-seg
Mon Jan 10 22:26:22 2022
Quartus Prime Version 21.1.0 Build 842 10/21/2021 SJ Lite Edition


---------------------
; Table of Contents ;
---------------------
  1. Legal Notice
  2. Flow Summary
  3. Flow Settings
  4. Flow Non-Default Global Settings
  5. Flow Elapsed Time
  6. Flow OS Summary
  7. Flow Log
  8. Flow Messages
  9. Flow Suppressed Messages



----------------
; Legal Notice ;
----------------
Copyright (C) 2021  Intel Corporation. All rights reserved.
Your use of Intel Corporation's design tools, logic functions 
and other software and tools, and any partner logic 
functions, and any output files from any of the foregoing 
(including device programming or simulation files), and any 
associated documentation or information are expressly subject 
to the terms and conditions of the Intel Program License 
Subscription Agreement, the Intel Quartus Prime License Agreement,
the Intel FPGA IP License Agreement, or other applicable license
agreement, including, without limitation, that your use is for
the sole purpose of programming logic devices manufactured by
Intel and sold by Intel or its authorized distributors.  Please
refer to the applicable agreement for further details, at
https://fpgasoftware.intel.com/eula.



+----------------------------------------------------------------------------------+
; Flow Summary                                                                     ;
+------------------------------------+---------------------------------------------+
; Flow Status                        ; Successful - Mon Jan 10 22:26:20 2022       ;
; Quartus Prime Version              ; 21.1.0 Build 842 10/21/2021 SJ Lite Edition ;
; Revision Name                      ; switch-to-sev-seg                           ;
; Top-level Entity Name              ; switch_to_sev_seg                           ;
; Family                             ; MAX 10                                      ;
; Device                             ; 10M50DAF484C6GES                            ;
; Timing Models                      ; Preliminary                                 ;
; Total logic elements               ; 55 / 49,760 ( < 1 % )                       ;
;     Total combinational functions  ; 55 / 49,760 ( < 1 % )                       ;
;     Dedicated logic registers      ; 0 / 49,760 ( 0 % )                          ;
; Total registers                    ; 0                                           ;
; Total pins                         ; 44 / 360 ( 12 % )                           ;
; Total virtual pins                 ; 0                                           ;
; Total memory bits                  ; 0 / 1,677,312 ( 0 % )                       ;
; Embedded Multiplier 9-bit elements ; 0 / 288 ( 0 % )                             ;
; Total PLLs                         ; 0 / 4 ( 0 % )                               ;
; UFM blocks                         ; 0 / 1 ( 0 % )                               ;
; ADC blocks                         ; 0 / 2 ( 0 % )                               ;
+------------------------------------+---------------------------------------------+


+-----------------------------------------+
; Flow Settings                           ;
+-------------------+---------------------+
; Option            ; Setting             ;
+-------------------+---------------------+
; Start date & time ; 01/10/2022 22:26:07 ;
; Main task         ; Compilation         ;
; Revision Name     ; switch-to-sev-seg   ;
+-------------------+---------------------+


+-----------------------------------------------------------------------------------------------------------------------------------+
; Flow Non-Default Global Settings                                                                                                  ;
+-------------------------------------+----------------------------------------+-------------------+-------------------+------------+
; Assignment Name                     ; Value                                  ; Default Value     ; Entity Name       ; Section Id ;
+-------------------------------------+----------------------------------------+-------------------+-------------------+------------+
; COMPILER_SIGNATURE_ID               ; 49410873790271.164187876711100         ; --                ; --                ; --         ;
; MAX_CORE_JUNCTION_TEMP              ; 85                                     ; --                ; --                ; --         ;
; MIN_CORE_JUNCTION_TEMP              ; 0                                      ; --                ; --                ; --         ;
; PARTITION_COLOR                     ; -- (Not supported for targeted family) ; --                ; --                ; Top        ;
; PARTITION_COLOR                     ; -- (Not supported for targeted family) ; --                ; switch_to_sev_seg ; Top        ;
; PARTITION_FITTER_PRESERVATION_LEVEL ; -- (Not supported for targeted family) ; --                ; --                ; Top        ;
; PARTITION_FITTER_PRESERVATION_LEVEL ; -- (Not supported for targeted family) ; --                ; switch_to_sev_seg ; Top        ;
; PARTITION_NETLIST_TYPE              ; -- (Not supported for targeted family) ; --                ; --                ; Top        ;
; PARTITION_NETLIST_TYPE              ; -- (Not supported for targeted family) ; --                ; switch_to_sev_seg ; Top        ;
; POWER_BOARD_THERMAL_MODEL           ; None (CONSERVATIVE)                    ; --                ; --                ; --         ;
; POWER_PRESET_COOLING_SOLUTION       ; 23 MM HEAT SINK WITH 200 LFPM AIRFLOW  ; --                ; --                ; --         ;
; TOP_LEVEL_ENTITY                    ; switch_to_sev_seg                      ; switch-to-sev-seg ; --                ; --         ;
+-------------------------------------+----------------------------------------+-------------------+-------------------+------------+


+--------------------------------------------------------------------------------------------------------------------------+
; Flow Elapsed Time                                                                                                        ;
+----------------------+--------------+-------------------------+---------------------+------------------------------------+
; Module Name          ; Elapsed Time ; Average Processors Used ; Peak Virtual Memory ; Total CPU Time (on all processors) ;
+----------------------+--------------+-------------------------+---------------------+------------------------------------+
; Analysis & Synthesis ; 00:00:05     ; 1.0                     ; 4782 MB             ; 00:00:13                           ;
; Fitter               ; 00:00:04     ; 1.1                     ; 6604 MB             ; 00:00:08                           ;
; Assembler            ; 00:00:02     ; 1.0                     ; 4712 MB             ; 00:00:02                           ;
; Timing Analyzer      ; 00:00:01     ; 1.1                     ; 4939 MB             ; 00:00:01                           ;
; Total                ; 00:00:12     ; --                      ; --                  ; 00:00:24                           ;
+----------------------+--------------+-------------------------+---------------------+------------------------------------+


+------------------------------------------------------------------------------------+
; Flow OS Summary                                                                    ;
+----------------------+------------------+------------+------------+----------------+
; Module Name          ; Machine Hostname ; OS Name    ; OS Version ; Processor type ;
+----------------------+------------------+------------+------------+----------------+
; Analysis & Synthesis ; Joey-PC          ; Windows 10 ; 10.0       ; x86_64         ;
; Fitter               ; Joey-PC          ; Windows 10 ; 10.0       ; x86_64         ;
; Assembler            ; Joey-PC          ; Windows 10 ; 10.0       ; x86_64         ;
; Timing Analyzer      ; Joey-PC          ; Windows 10 ; 10.0       ; x86_64         ;
+----------------------+------------------+------------+------------+----------------+


------------
; Flow Log ;
------------
quartus_map --read_settings_files=on --write_settings_files=off switch-to-sev-seg -c switch-to-sev-seg
quartus_fit --read_settings_files=off --write_settings_files=off switch-to-sev-seg -c switch-to-sev-seg
quartus_asm --read_settings_files=off --write_settings_files=off switch-to-sev-seg -c switch-to-sev-seg
quartus_sta switch-to-sev-seg -c switch-to-sev-seg



